Flow report for lcl5
Fri Dec 08 01:00:29 2023
Quartus II 64-Bit Version 13.0.1 Build 232 06/12/2013 Service Pack 1 SJ Web Edition


---------------------
; Table of Contents ;
---------------------
  1. Legal Notice
  2. Flow Summary
  3. Flow Settings
  4. Flow Non-Default Global Settings
  5. Flow Elapsed Time
  6. Flow OS Summary
  7. Flow Log
  8. Flow Messages
  9. Flow Suppressed Messages



----------------
; Legal Notice ;
----------------
Copyright (C) 1991-2013 Altera Corporation
Your use of Altera Corporation's design tools, logic functions 
and other software and tools, and its AMPP partner logic 
functions, and any output files from any of the foregoing 
(including device programming or simulation files), and any 
associated documentation or information are expressly subject 
to the terms and conditions of the Altera Program License 
Subscription Agreement, Altera MegaCore Function License 
Agreement, or other applicable license agreement, including, 
without limitation, that your use is for the sole purpose of 
programming logic devices manufactured by Altera and sold by 
Altera or its authorized distributors.  Please refer to the 
applicable agreement for further details.



+--------------------------------------------------------------------------------------+
; Flow Summary                                                                         ;
+------------------------------------+-------------------------------------------------+
; Flow Status                        ; Successful - Fri Dec 08 01:00:29 2023           ;
; Quartus II 64-Bit Version          ; 13.0.1 Build 232 06/12/2013 SP 1 SJ Web Edition ;
; Revision Name                      ; lcl5                                            ;
; Top-level Entity Name              ; Block12                                         ;
; Family                             ; Cyclone II                                      ;
; Device                             ; EP2C35F672C6                                    ;
; Timing Models                      ; Final                                           ;
; Total logic elements               ; 6 / 33,216 ( < 1 % )                            ;
;     Total combinational functions  ; 6 / 33,216 ( < 1 % )                            ;
;     Dedicated logic registers      ; 3 / 33,216 ( < 1 % )                            ;
; Total registers                    ; 3                                               ;
; Total pins                         ; 7 / 475 ( 1 % )                                 ;
; Total virtual pins                 ; 0                                               ;
; Total memory bits                  ; 0 / 483,840 ( 0 % )                             ;
; Embedded Multiplier 9-bit elements ; 0 / 70 ( 0 % )                                  ;
; Total PLLs                         ; 0 / 4 ( 0 % )                                   ;
+------------------------------------+-------------------------------------------------+


+-----------------------------------------+
; Flow Settings                           ;
+-------------------+---------------------+
; Option            ; Setting             ;
+-------------------+---------------------+
; Start date & time ; 12/08/2023 01:00:00 ;
; Main task         ; Compilation         ;
; Revision Name     ; lcl5                ;
+-------------------+---------------------+


+-----------------------------------------------------------------------------------------------------------------------+
; Flow Non-Default Global Settings                                                                                      ;
+--------------------------------------+---------------------------------+---------------+-------------+----------------+
; Assignment Name                      ; Value                           ; Default Value ; Entity Name ; Section Id     ;
+--------------------------------------+---------------------------------+---------------+-------------+----------------+
; COMPILER_SIGNATURE_ID                ; 102037074754902.170200800018764 ; --            ; --          ; --             ;
; EDA_DESIGN_INSTANCE_NAME             ; NA                              ; --            ; --          ; mux8           ;
; EDA_DESIGN_INSTANCE_NAME             ; NA                              ; --            ; --          ; mux8_cout      ;
; EDA_DESIGN_INSTANCE_NAME             ; NA                              ; --            ; --          ; mux_s          ;
; EDA_DESIGN_INSTANCE_NAME             ; NA                              ; --            ; --          ; Block1         ;
; EDA_GENERATE_FUNCTIONAL_NETLIST      ; On                              ; --            ; --          ; eda_simulation ;
; EDA_NATIVELINK_SIMULATION_TEST_BENCH ; Block1                          ; --            ; --          ; eda_simulation ;
; EDA_OUTPUT_DATA_FORMAT               ; Verilog Hdl                     ; --            ; --          ; eda_simulation ;
; EDA_SIMULATION_TOOL                  ; ModelSim-Altera (Verilog)       ; <None>        ; --          ; --             ;
; EDA_TEST_BENCH_ENABLE_STATUS         ; TEST_BENCH_MODE                 ; --            ; --          ; eda_simulation ;
; EDA_TEST_BENCH_FILE                  ; mux8.sv                         ; --            ; --          ; mux8           ;
; EDA_TEST_BENCH_FILE                  ; mux8_cout.sv                    ; --            ; --          ; mux8_cout      ;
; EDA_TEST_BENCH_FILE                  ; mux_s.sv                        ; --            ; --          ; mux_s          ;
; EDA_TEST_BENCH_FILE                  ; Block1.bdf                      ; --            ; --          ; Block1         ;
; EDA_TEST_BENCH_MODULE_NAME           ; mux8                            ; --            ; --          ; mux8           ;
; EDA_TEST_BENCH_MODULE_NAME           ; mux8_cout                       ; --            ; --          ; mux8_cout      ;
; EDA_TEST_BENCH_MODULE_NAME           ; mux_s                           ; --            ; --          ; mux_s          ;
; EDA_TEST_BENCH_MODULE_NAME           ; Block1                          ; --            ; --          ; Block1         ;
; EDA_TEST_BENCH_NAME                  ; mux8                            ; --            ; --          ; eda_simulation ;
; EDA_TEST_BENCH_NAME                  ; mux8_cout                       ; --            ; --          ; eda_simulation ;
; EDA_TEST_BENCH_NAME                  ; mux_s                           ; --            ; --          ; eda_simulation ;
; EDA_TEST_BENCH_NAME                  ; Block1                          ; --            ; --          ; eda_simulation ;
; EDA_TIME_SCALE                       ; 1 ps                            ; --            ; --          ; eda_simulation ;
; MAX_CORE_JUNCTION_TEMP               ; 85                              ; --            ; --          ; --             ;
; MIN_CORE_JUNCTION_TEMP               ; 0                               ; --            ; --          ; --             ;
; PARTITION_COLOR                      ; 16764057                        ; --            ; Block12     ; Top            ;
; PARTITION_FITTER_PRESERVATION_LEVEL  ; PLACEMENT_AND_ROUTING           ; --            ; Block12     ; Top            ;
; PARTITION_NETLIST_TYPE               ; SOURCE                          ; --            ; Block12     ; Top            ;
; PROJECT_OUTPUT_DIRECTORY             ; output_files                    ; --            ; --          ; --             ;
; TOP_LEVEL_ENTITY                     ; Block12                         ; lcl5          ; --          ; --             ;
; VERILOG_INPUT_VERSION                ; SystemVerilog_2005              ; Verilog_2001  ; --          ; --             ;
; VERILOG_SHOW_LMF_MAPPING_MESSAGES    ; Off                             ; --            ; --          ; --             ;
+--------------------------------------+---------------------------------+---------------+-------------+----------------+


+-------------------------------------------------------------------------------------------------------------------------------+
; Flow Elapsed Time                                                                                                             ;
+---------------------------+--------------+-------------------------+---------------------+------------------------------------+
; Module Name               ; Elapsed Time ; Average Processors Used ; Peak Virtual Memory ; Total CPU Time (on all processors) ;
+---------------------------+--------------+-------------------------+---------------------+------------------------------------+
; Analysis & Synthesis      ; 00:00:01     ; 1.0                     ; 4594 MB             ; 00:00:00                           ;
; Fitter                    ; 00:00:04     ; 1.0                     ; 4874 MB             ; 00:00:03                           ;
; Assembler                 ; 00:00:02     ; 1.0                     ; 4555 MB             ; 00:00:01                           ;
; TimeQuest Timing Analyzer ; 00:00:01     ; 1.0                     ; 4539 MB             ; 00:00:00                           ;
; EDA Netlist Writer        ; 00:00:00     ; 1.0                     ; 4511 MB             ; 00:00:00                           ;
; EDA Netlist Writer        ; 00:00:00     ; 1.0                     ; 4518 MB             ; 00:00:00                           ;
; EDA Netlist Writer        ; 00:00:00     ; 1.0                     ; 4518 MB             ; 00:00:00                           ;
; Total                     ; 00:00:08     ; --                      ; --                  ; 00:00:04                           ;
+---------------------------+--------------+-------------------------+---------------------+------------------------------------+


+----------------------------------------------------------------------------------------+
; Flow OS Summary                                                                        ;
+---------------------------+------------------+-----------+------------+----------------+
; Module Name               ; Machine Hostname ; OS Name   ; OS Version ; Processor type ;
+---------------------------+------------------+-----------+------------+----------------+
; Analysis & Synthesis      ; LAPTOP-IAG46UVI  ; Windows 7 ; 6.2        ; x86_64         ;
; Fitter                    ; LAPTOP-IAG46UVI  ; Windows 7 ; 6.2        ; x86_64         ;
; Assembler                 ; LAPTOP-IAG46UVI  ; Windows 7 ; 6.2        ; x86_64         ;
; TimeQuest Timing Analyzer ; LAPTOP-IAG46UVI  ; Windows 7 ; 6.2        ; x86_64         ;
; EDA Netlist Writer        ; LAPTOP-IAG46UVI  ; Windows 7 ; 6.2        ; x86_64         ;
; EDA Netlist Writer        ; LAPTOP-IAG46UVI  ; Windows 7 ; 6.2        ; x86_64         ;
; EDA Netlist Writer        ; LAPTOP-IAG46UVI  ; Windows 7 ; 6.2        ; x86_64         ;
+---------------------------+------------------+-----------+------------+----------------+


------------
; Flow Log ;
------------
quartus_map --read_settings_files=on --write_settings_files=off lcl5 -c lcl5
quartus_fit --read_settings_files=off --write_settings_files=off lcl5 -c lcl5
quartus_asm --read_settings_files=off --write_settings_files=off lcl5 -c lcl5
quartus_sta lcl5 -c lcl5
quartus_eda --read_settings_files=off --write_settings_files=off lcl5 -c lcl5
quartus_eda --gen_testbench --check_outputs=on --tool=modelsim_oem --format=verilog lcl5 -c lcl5 --vector_source=C:/altera/13.0sp1/lcl5/Waveform16.vwf --testbench_file=./simulation/qsim/lcl5.vt
quartus_eda --functional=on --simulation=on --tool=modelsim_oem --format=verilog lcl5 -c lcl5



